{"D:\\Projects\\tRPC\\packages\\client\\src\\components\\button\\Button.tsx": {"path":"D:\\Projects\\tRPC\\packages\\client\\src\\components\\button\\Button.tsx","all":false,"statementMap":{"0":{"start":{"line":1,"column":0},"end":{"line":1,"column":66}},"1":{"start":{"line":2,"column":0},"end":{"line":2,"column":41}},"2":{"start":{"line":3,"column":0},"end":{"line":3,"column":0}},"3":{"start":{"line":4,"column":0},"end":{"line":4,"column":24}},"4":{"start":{"line":5,"column":0},"end":{"line":5,"column":50}},"5":{"start":{"line":6,"column":0},"end":{"line":6,"column":23}},"6":{"start":{"line":7,"column":0},"end":{"line":7,"column":18}},"7":{"start":{"line":8,"column":0},"end":{"line":8,"column":17}},"8":{"start":{"line":9,"column":0},"end":{"line":9,"column":23}},"9":{"start":{"line":10,"column":0},"end":{"line":10,"column":1}},"10":{"start":{"line":11,"column":0},"end":{"line":11,"column":0}},"11":{"start":{"line":12,"column":0},"end":{"line":12,"column":118}},"12":{"start":{"line":13,"column":0},"end":{"line":13,"column":12}},"13":{"start":{"line":14,"column":0},"end":{"line":14,"column":119}},"14":{"start":{"line":15,"column":0},"end":{"line":15,"column":54}},"15":{"start":{"line":16,"column":0},"end":{"line":16,"column":19}},"16":{"start":{"line":17,"column":0},"end":{"line":17,"column":17}},"17":{"start":{"line":18,"column":0},"end":{"line":18,"column":6}},"18":{"start":{"line":19,"column":0},"end":{"line":19,"column":2}},"19":{"start":{"line":20,"column":0},"end":{"line":20,"column":0}},"20":{"start":{"line":21,"column":0},"end":{"line":21,"column":22}}},"s":{"0":1,"1":1,"2":1,"3":1,"4":1,"5":1,"6":1,"7":1,"8":1,"9":1,"10":1,"11":1,"12":3,"13":3,"14":3,"15":3,"16":3,"17":3,"18":3,"19":1,"20":1},"branchMap":{"0":{"type":"branch","line":12,"loc":{"start":{"line":12,"column":48},"end":{"line":19,"column":2}},"locations":[{"start":{"line":12,"column":48},"end":{"line":19,"column":2}}]},"1":{"type":"branch","line":12,"loc":{"start":{"line":12,"column":74},"end":{"line":12,"column":82}},"locations":[{"start":{"line":12,"column":74},"end":{"line":12,"column":82}}]},"2":{"type":"branch","line":12,"loc":{"start":{"line":12,"column":82},"end":{"line":12,"column":84}},"locations":[{"start":{"line":12,"column":82},"end":{"line":12,"column":84}}]},"3":{"type":"branch","line":12,"loc":{"start":{"line":12,"column":100},"end":{"line":12,"column":111}},"locations":[{"start":{"line":12,"column":100},"end":{"line":12,"column":111}}]},"4":{"type":"branch","line":12,"loc":{"start":{"line":12,"column":111},"end":{"line":12,"column":112}},"locations":[{"start":{"line":12,"column":111},"end":{"line":12,"column":112}}]},"5":{"type":"branch","line":14,"loc":{"start":{"line":14,"column":71},"end":{"line":14,"column":93}},"locations":[{"start":{"line":14,"column":71},"end":{"line":14,"column":93}}]},"6":{"type":"branch","line":14,"loc":{"start":{"line":14,"column":94},"end":{"line":14,"column":118}},"locations":[{"start":{"line":14,"column":94},"end":{"line":14,"column":118}}]}},"b":{"0":[3],"1":[2],"2":[1],"3":[2],"4":[1],"5":[2],"6":[1]},"fnMap":{"0":{"name":"Button","decl":{"start":{"line":12,"column":48},"end":{"line":19,"column":2}},"loc":{"start":{"line":12,"column":48},"end":{"line":19,"column":2}},"line":12}},"f":{"0":3}}
}
