TN:
SF:packages\client\src\components\button\Button.tsx
FN:12,Button
FNF:1
FNH:1
FNDA:18,Button
DA:1,1
DA:2,1
DA:3,1
DA:4,1
DA:5,1
DA:6,1
DA:7,1
DA:8,1
DA:9,1
DA:10,1
DA:11,1
DA:12,1
DA:13,18
DA:14,18
DA:15,18
DA:16,18
DA:17,18
DA:18,18
DA:19,18
DA:20,1
DA:21,1
LF:21
LH:21
BRDA:12,0,0,18
BRDA:12,1,0,9
BRDA:12,2,0,9
BRDA:12,3,0,3
BRDA:12,4,0,15
BRDA:14,5,0,16
BRDA:14,6,0,2
BRF:7
BRH:7
end_of_record
TN:
SF:packages\client\src\components\coin-info\coin-data\CoinData.tsx
FN:9,CoinData
FNF:1
FNH:1
FNDA:2,CoinData
DA:1,1
DA:2,1
DA:3,1
DA:4,1
DA:5,1
DA:6,1
DA:7,1
DA:8,1
DA:9,1
DA:10,2
DA:11,2
DA:12,2
DA:13,2
DA:14,2
DA:15,2
DA:16,1
DA:17,1
DA:18,1
DA:19,1
DA:20,2
DA:21,1
DA:22,2
DA:23,2
DA:24,2
DA:25,2
DA:26,1
LF:26
LH:26
BRDA:9,0,0,2
BRDA:15,1,0,1
BRDA:15,2,0,1
BRDA:20,3,0,1
BRF:4
BRH:4
end_of_record
TN:
SF:packages\client\src\components\coin-info\coin-elem\CoinElem.tsx
FN:5,CoinElem
FNF:1
FNH:1
FNDA:1,CoinElem
DA:1,1
DA:2,1
DA:3,1
DA:4,1
DA:5,1
DA:6,1
DA:7,1
DA:8,1
DA:9,1
DA:10,1
DA:11,1
DA:12,1
DA:13,1
DA:14,1
DA:15,1
DA:16,1
DA:17,1
DA:18,1
DA:19,1
LF:19
LH:19
BRDA:5,0,0,1
BRF:1
BRH:1
end_of_record
TN:
SF:packages\client\src\components\header\Header.tsx
FN:15,Header
FN:27,onClickAction
FNF:2
FNH:2
FNDA:4,Header
FNDA:1,onClickAction
DA:1,1
DA:2,1
DA:3,1
DA:4,1
DA:5,1
DA:6,1
DA:7,1
DA:8,1
DA:9,1
DA:10,1
DA:11,1
DA:12,1
DA:13,1
DA:14,1
DA:15,1
DA:16,4
DA:17,4
DA:18,4
DA:19,4
DA:20,4
DA:21,1
DA:22,1
DA:23,4
DA:24,4
DA:25,3
DA:26,4
DA:27,4
DA:28,4
DA:29,4
DA:30,4
DA:31,4
DA:32,4
DA:33,4
DA:34,1
DA:35,1
LF:35
LH:35
BRDA:15,0,0,4
BRDA:20,1,0,1
BRDA:24,2,0,3
BRDA:22,3,0,3
BRDA:27,4,0,1
BRF:5
BRH:5
end_of_record
TN:
SF:packages\client\src\components\header\header-coin-card\HeaderCoinCard.tsx
FN:10,HeaderCoinCard
FNF:1
FNH:1
FNDA:3,HeaderCoinCard
DA:1,1
DA:2,1
DA:3,1
DA:4,1
DA:5,1
DA:6,1
DA:7,1
DA:8,1
DA:9,1
DA:10,1
DA:11,3
DA:12,3
DA:13,3
DA:14,3
DA:15,3
DA:16,3
DA:17,3
DA:18,3
DA:19,3
DA:20,3
DA:21,3
DA:22,3
DA:23,1
DA:24,1
LF:24
LH:24
BRDA:10,0,0,3
BRF:1
BRH:1
end_of_record
TN:
SF:packages\client\src\components\header\portfolio\UserPortfolio.tsx
FN:11,UserPortfolio
FNF:1
FNH:1
FNDA:4,UserPortfolio
DA:1,1
DA:2,1
DA:3,1
DA:4,1
DA:5,1
DA:6,1
DA:7,1
DA:8,1
DA:9,1
DA:10,1
DA:11,1
DA:12,4
DA:13,4
DA:14,4
DA:15,4
DA:16,4
DA:17,4
DA:18,4
DA:19,3
DA:20,3
DA:21,4
DA:22,4
DA:23,1
DA:24,4
DA:25,4
DA:26,4
DA:27,4
DA:28,4
DA:29,4
DA:30,1
DA:31,1
LF:31
LH:31
BRDA:11,0,0,4
BRDA:18,1,0,1
BRDA:18,2,0,3
BRDA:22,3,0,1
BRF:4
BRH:4
end_of_record
TN:
SF:packages\client\src\components\modal-portfolio\ModalPortfolio.tsx
FN:13,ModalPortfolio
FN:25,onDelete
FN:50,onClick
FNF:3
FNH:1
FNDA:12,ModalPortfolio
FNDA:0,onDelete
FNDA:0,onClick
DA:1,1
DA:2,1
DA:3,1
DA:4,1
DA:5,1
DA:6,1
DA:7,1
DA:8,1
DA:9,1
DA:10,1
DA:11,1
DA:12,1
DA:13,1
DA:14,12
DA:15,12
DA:16,12
DA:17,6
DA:18,6
DA:19,1
DA:20,5
DA:21,5
DA:22,5
DA:23,12
DA:24,12
DA:25,12
DA:26,0
DA:27,0
DA:28,0
DA:29,0
DA:30,0
DA:31,0
DA:32,0
DA:33,0
DA:34,0
DA:35,0
DA:36,0
DA:37,0
DA:38,0
DA:39,0
DA:40,0
DA:41,0
DA:42,12
DA:43,12
DA:44,6
DA:45,6
DA:46,6
DA:47,6
DA:48,6
DA:49,6
DA:50,6
DA:51,6
DA:52,12
DA:53,12
DA:54,12
DA:55,1
DA:56,1
LF:56
LH:40
BRDA:13,0,0,12
BRDA:43,1,0,6
BRDA:53,2,0,6
BRDA:16,3,0,6
BRDA:18,4,0,5
BRDA:18,5,0,1
BRDA:48,6,0,1
BRF:7
BRH:7
end_of_record
TN:
SF:packages\client\src\components\modal-portfolio\portfolio-coin-card\PortfolioCoinCard.tsx
FN:12,PortfolioCoinCard
FN:31,onClick
FNF:2
FNH:1
FNDA:1,PortfolioCoinCard
FNDA:0,onClick
DA:1,1
DA:2,1
DA:3,1
DA:4,1
DA:5,1
DA:6,1
DA:7,1
DA:8,1
DA:9,1
DA:10,1
DA:11,1
DA:12,1
DA:13,1
DA:14,1
DA:15,1
DA:16,1
DA:17,1
DA:18,1
DA:19,1
DA:20,1
DA:21,1
DA:22,1
DA:23,1
DA:24,1
DA:25,1
DA:26,1
DA:27,1
DA:28,1
DA:29,1
DA:30,1
DA:31,1
DA:32,1
DA:33,1
DA:34,1
DA:35,1
DA:36,1
DA:37,1
DA:38,1
LF:38
LH:38
BRDA:12,0,0,1
BRF:1
BRH:1
end_of_record
TN:
SF:packages\client\src\components\search\Search.tsx
FN:10,Search
FN:16,onChange
FNF:2
FNH:1
FNDA:2,Search
FNDA:0,onChange
DA:1,1
DA:2,1
DA:3,1
DA:4,1
DA:5,1
DA:6,1
DA:7,1
DA:8,1
DA:9,1
DA:10,1
DA:11,2
DA:12,2
DA:13,2
DA:14,2
DA:15,2
DA:16,2
DA:17,2
DA:18,2
DA:19,2
DA:20,2
DA:21,1
DA:22,1
LF:22
LH:22
BRDA:10,0,0,2
BRF:1
BRH:1
end_of_record
TN:
SF:packages\client\src\components\table\pagination\Pagination.tsx
FN:10,Pagination
FN:16,increaseOffset
FN:20,decreaseOffset
FNF:3
FNH:2
FNDA:5,Pagination
FNDA:1,increaseOffset
FNDA:0,decreaseOffset
DA:1,1
DA:2,1
DA:3,1
DA:4,1
DA:5,1
DA:6,1
DA:7,1
DA:8,1
DA:9,1
DA:10,1
DA:11,5
DA:12,5
DA:13,5
DA:14,5
DA:15,5
DA:16,5
DA:17,1
DA:18,5
DA:19,5
DA:20,5
DA:21,0
DA:22,5
DA:23,5
DA:24,5
DA:25,4
DA:26,5
DA:27,5
DA:28,5
DA:29,5
DA:30,5
DA:31,5
DA:32,5
DA:33,5
DA:34,5
DA:35,5
DA:36,5
DA:37,5
DA:38,5
DA:39,5
DA:40,5
DA:41,5
DA:42,5
DA:43,1
DA:44,1
LF:44
LH:43
BRDA:10,0,0,5
BRDA:32,1,0,1
BRDA:32,2,0,3
BRDA:16,3,0,1
BRDA:24,4,0,4
BRF:5
BRH:5
end_of_record
TN:
SF:packages\client\src\formats\formats.tsx
FN:1,formatPrice
FN:9,formatPriceString
FNF:2
FNH:2
FNDA:12,formatPrice
FNDA:3,formatPriceString
DA:1,1
DA:2,12
DA:3,12
DA:4,12
DA:5,12
DA:6,12
DA:7,12
DA:8,1
DA:9,1
DA:10,3
DA:11,3
LF:11
LH:11
BRDA:1,0,0,12
BRDA:9,1,0,3
BRF:2
BRH:2
end_of_record
TN:
SF:packages\client\src\provider\CoinInfoContext.tsx
FN:24,setCoin
FN:26,setInterval
FN:28,setTime
FN:30,setPrice
FN:41,CoinInfoProvider
FNF:5
FNH:0
FNDA:0,setCoin
FNDA:0,setInterval
FNDA:0,setTime
FNDA:0,setPrice
FNDA:0,CoinInfoProvider
DA:1,1
DA:2,1
DA:3,1
DA:4,1
DA:5,1
DA:6,1
DA:7,1
DA:8,1
DA:9,1
DA:10,1
DA:11,1
DA:12,1
DA:13,1
DA:14,1
DA:15,1
DA:16,1
DA:17,1
DA:18,1
DA:19,1
DA:20,1
DA:21,1
DA:22,1
DA:23,1
DA:24,1
DA:25,1
DA:26,1
DA:27,1
DA:28,1
DA:29,1
DA:30,1
DA:31,1
DA:32,1
DA:33,1
DA:34,1
DA:35,1
DA:36,1
DA:37,1
DA:38,1
DA:39,1
DA:40,1
DA:41,1
DA:42,0
DA:43,0
DA:44,0
DA:45,0
DA:46,0
DA:47,0
DA:48,0
DA:49,0
DA:50,0
DA:51,0
DA:52,0
DA:53,0
DA:54,0
DA:55,0
DA:56,0
DA:57,0
DA:58,0
DA:59,0
DA:60,0
DA:61,0
DA:62,0
DA:63,0
LF:63
LH:41
BRF:0
BRH:0
end_of_record
TN:
SF:packages\client\src\types\coin.ts
FNF:0
FNH:0
DA:1,1
DA:2,1
DA:3,1
DA:4,1
DA:5,1
DA:6,1
DA:7,1
DA:8,1
DA:9,1
DA:10,1
DA:11,1
DA:12,1
DA:13,1
DA:14,1
DA:15,1
DA:16,1
DA:17,1
DA:18,1
DA:19,1
DA:20,1
DA:21,1
DA:22,1
DA:23,1
DA:24,1
DA:25,1
DA:26,1
DA:27,1
DA:28,1
LF:28
LH:28
BRF:0
BRH:0
end_of_record
